  Main.cpp
c:\users\knigh\desktop\oop\inheritence\shape\triangle.h(51): error C3646: Quad: неизвестный спецификатор переопределения
c:\users\knigh\desktop\oop\inheritence\shape\triangle.h(51): error C2059: синтаксическая ошибка: (
c:\users\knigh\desktop\oop\inheritence\shape\triangle.h(51): error C2238: непредвиденные лексемы перед ";"
c:\users\knigh\desktop\oop\inheritence\shape\main.cpp(8): warning C4326: возвращаемый тип "main" должен быть "int", а не "void"
  Quadrengle.cpp
c:\users\knigh\desktop\oop\inheritence\shape\triangle.h(51): error C3646: Quad: неизвестный спецификатор переопределения
c:\users\knigh\desktop\oop\inheritence\shape\triangle.h(51): error C2059: синтаксическая ошибка: (
c:\users\knigh\desktop\oop\inheritence\shape\triangle.h(51): error C2238: непредвиденные лексемы перед ";"
c:\users\knigh\desktop\oop\inheritence\shape\quadrengle.cpp(120): warning C4244: return: преобразование "double" в "float", возможна потеря данных
c:\users\knigh\desktop\oop\inheritence\shape\quadrengle.cpp(168): warning C4244: return: преобразование "double" в "float", возможна потеря данных
  Triangle.cpp
c:\users\knigh\desktop\oop\inheritence\shape\quadrengle.h(47): error C3646: Trian: неизвестный спецификатор переопределения
c:\users\knigh\desktop\oop\inheritence\shape\quadrengle.h(47): error C2059: синтаксическая ошибка: (
c:\users\knigh\desktop\oop\inheritence\shape\quadrengle.h(47): error C2238: непредвиденные лексемы перед ";"
c:\users\knigh\desktop\oop\inheritence\shape\triangle.cpp(111): warning C4244: return: преобразование "double" в "float", возможна потеря данных
c:\users\knigh\desktop\oop\inheritence\shape\triangle.cpp(115): warning C4244: return: преобразование "double" в "float", возможна потеря данных
c:\users\knigh\desktop\oop\inheritence\shape\triangle.cpp(119): warning C4244: return: преобразование "double" в "float", возможна потеря данных
c:\users\knigh\desktop\oop\inheritence\shape\triangle.cpp(189): warning C4244: return: преобразование "double" в "float", возможна потеря данных
  Создание кода...
